<?xml version="1.0" encoding="UTF-8"?>
<!-- Generated by org.testng.reporters.JUnitReportReporter -->
<testsuite hostname="C02RQBUDFVH3.local" name="test_case.LoginCase" tests="2" failures="0" timestamp="31 Oct 2017 02:38:41 GMT" time="1.667" errors="0">
  <testcase name="login002" time="0.721" classname="test_case.LoginCase"/>
  <testcase name="login001" time="0.946" classname="test_case.LoginCase"/>
</testsuite> <!-- test_case.LoginCase -->
