<?xml version="1.0" encoding="UTF-8"?>
<!-- Generated by org.testng.reporters.JUnitReportReporter -->
<testsuite hostname="C02RQBUDFVH3.local" name="test_case.GoodsManageCase" tests="1" failures="0" timestamp="3 Nov 2017 07:51:47 GMT" time="2.613" errors="0">
  <testcase name="f" time="2.613" classname="test_case.GoodsManageCase"/>
</testsuite> <!-- test_case.GoodsManageCase -->
