<?xml version="1.0" encoding="UTF-8"?>
<!-- Generated by org.testng.reporters.JUnitReportReporter -->
<testsuite hostname="C02RQBUDFVH3.local" name="test.NewTest" tests="2" failures="0" timestamp="16 Oct 2017 10:28:53 GMT" time="19.816" errors="0">
  <testcase name="login002" time="8.348" classname="test.NewTest"/>
  <testcase name="login001" time="11.468" classname="test.NewTest"/>
</testsuite> <!-- test.NewTest -->
