<?xml version="1.0" encoding="UTF-8"?>
<!-- Generated by org.testng.reporters.JUnitReportReporter -->
<testsuite hostname="C02RQBUDFVH3.local" name="test.NewTest" tests="2" failures="0" timestamp="16 Oct 2017 07:17:00 GMT" time="21.823" errors="0">
  <testcase name="login001" time="13.688" classname="test.NewTest"/>
  <testcase name="login002" time="8.135" classname="test.NewTest"/>
</testsuite> <!-- test.NewTest -->
