<?xml version="1.0" encoding="UTF-8"?>
<!-- Generated by org.testng.reporters.JUnitReportReporter -->
<testsuite hostname="C02RQBUDFVH3.local" name="test_case.LoginCase" tests="2" failures="0" timestamp="3 Nov 2017 07:51:52 GMT" time="1.935" errors="0">
  <testcase name="login001" time="0.905" classname="test_case.LoginCase"/>
  <testcase name="login002" time="1.030" classname="test_case.LoginCase"/>
</testsuite> <!-- test_case.LoginCase -->
